Looking for git in: git
Using git 2.17.1 from git
> git rev-parse --show-toplevel
> git rev-parse --git-dir
Open repository: /home/nanogueira/app/devenv-versioning-openshift/DO101-apps
> git status -z -u
> git symbolic-ref --short HEAD
> git rev-parse devenv-versioning-openshift
> git rev-parse --symbolic-full-name devenv-versioning-openshift@{u}
> git rev-list --left-right devenv-versioning-openshift...refs/remotes/origin/devenv-versioning-openshift
> git for-each-ref --format %(refname) %(objectname) --sort -committerdate
> git remote --verbose
Failed to watch ref '/home/nanogueira/app/devenv-versioning-openshift/DO101-apps/.git/refs/remotes/origin/devenv-versioning-openshift', is most likely packed.
Error: ENOENT: no such file or directory, watch '/home/nanogueira/app/devenv-versioning-openshift/DO101-apps/.git/refs/remotes/origin/devenv-versioning-openshift'
	at FSWatcher.start (internal/fs/watchers.js:165:26)
	at Object.watch (fs.js:1270:11)
	at Object.t.watch (/usr/share/code/resources/app/extensions/git/dist/main.js:1:604919)
	at T.updateTransientWatchers (/usr/share/code/resources/app/extensions/git/dist/main.js:1:83965)
	at e.fire (/usr/share/code/resources/app/out/vs/workbench/services/extensions/node/extensionHostProcess.js:46:87)
	at e.updateModelState (/usr/share/code/resources/app/extensions/git/dist/main.js:1:103179)
> git config --get commit.template
> git rev-parse --show-toplevel
fatal: not a git repository (or any of the parent directories): .git
> git rev-parse --show-toplevel
> git rev-parse --git-dir
Open repository: /home/nanogueira/app/openshift/hello-nodejs
> git status -z -u
> git symbolic-ref --short HEAD
> git rev-parse master
> git rev-parse --symbolic-full-name master@{u}
fatal: no upstream configured for branch 'master'
> git for-each-ref --format %(refname) %(objectname) --sort -committerdate
> git remote --verbose
> git config --get commit.template
> git rev-parse --show-toplevel
> git rev-parse --git-dir
Open repository: /home/nanogueira/app/openshift/openshift
> git status -z -u
> git symbolic-ref --short HEAD
> git rev-parse master
> git rev-parse --symbolic-full-name master@{u}
> git rev-list --left-right master...refs/remotes/origin/master
> git for-each-ref --format %(refname) %(objectname) --sort -committerdate
> git remote --verbose
> git config --get commit.template
> git rev-parse --show-toplevel
fatal: not a git repository (or any of the parent directories): .git
> git rev-parse --show-toplevel
fatal: not a git repository (or any of the parent directories): .git
> git rev-parse --show-toplevel
fatal: not a git repository (or any of the parent directories): .git
> git check-ignore -v -z --stdin
> git check-ignore -v -z --stdin
> git check-ignore -v -z --stdin
> git status -z -u
> git symbolic-ref --short HEAD
> git rev-parse devenv-versioning-openshift
> git rev-parse --symbolic-full-name devenv-versioning-openshift@{u}
> git rev-list --left-right devenv-versioning-openshift...refs/remotes/origin/devenv-versioning-openshift
> git for-each-ref --format %(refname) %(objectname) --sort -committerdate
> git remote --verbose
Failed to watch ref '/home/nanogueira/app/devenv-versioning-openshift/DO101-apps/.git/refs/remotes/origin/devenv-versioning-openshift', is most likely packed.
Error: ENOENT: no such file or directory, watch '/home/nanogueira/app/devenv-versioning-openshift/DO101-apps/.git/refs/remotes/origin/devenv-versioning-openshift'
	at FSWatcher.start (internal/fs/watchers.js:165:26)
	at Object.watch (fs.js:1270:11)
	at Object.t.watch (/usr/share/code/resources/app/extensions/git/dist/main.js:1:604919)
	at T.updateTransientWatchers (/usr/share/code/resources/app/extensions/git/dist/main.js:1:83965)
	at e.fire (/usr/share/code/resources/app/out/vs/workbench/services/extensions/node/extensionHostProcess.js:46:87)
	at e.updateModelState (/usr/share/code/resources/app/extensions/git/dist/main.js:1:103179)
> git config --get commit.template
> git check-ignore -v -z --stdin
> git status -z -u
> git symbolic-ref --short HEAD
> git rev-parse devenv-versioning-openshift
> git rev-parse --symbolic-full-name devenv-versioning-openshift@{u}
> git rev-list --left-right devenv-versioning-openshift...refs/remotes/origin/devenv-versioning-openshift
> git for-each-ref --format %(refname) %(objectname) --sort -committerdate
> git remote --verbose
Failed to watch ref '/home/nanogueira/app/devenv-versioning-openshift/DO101-apps/.git/refs/remotes/origin/devenv-versioning-openshift', is most likely packed.
Error: ENOENT: no such file or directory, watch '/home/nanogueira/app/devenv-versioning-openshift/DO101-apps/.git/refs/remotes/origin/devenv-versioning-openshift'
	at FSWatcher.start (internal/fs/watchers.js:165:26)
	at Object.watch (fs.js:1270:11)
	at Object.t.watch (/usr/share/code/resources/app/extensions/git/dist/main.js:1:604919)
	at T.updateTransientWatchers (/usr/share/code/resources/app/extensions/git/dist/main.js:1:83965)
	at e.fire (/usr/share/code/resources/app/out/vs/workbench/services/extensions/node/extensionHostProcess.js:46:87)
	at e.updateModelState (/usr/share/code/resources/app/extensions/git/dist/main.js:1:103179)
> git config --get commit.template
> git status -z -u
> git symbolic-ref --short HEAD
> git rev-parse devenv-versioning-openshift
> git rev-parse --symbolic-full-name devenv-versioning-openshift@{u}
> git rev-list --left-right devenv-versioning-openshift...refs/remotes/origin/devenv-versioning-openshift
> git for-each-ref --format %(refname) %(objectname) --sort -committerdate
> git remote --verbose
Failed to watch ref '/home/nanogueira/app/devenv-versioning-openshift/DO101-apps/.git/refs/remotes/origin/devenv-versioning-openshift', is most likely packed.
Error: ENOENT: no such file or directory, watch '/home/nanogueira/app/devenv-versioning-openshift/DO101-apps/.git/refs/remotes/origin/devenv-versioning-openshift'
	at FSWatcher.start (internal/fs/watchers.js:165:26)
	at Object.watch (fs.js:1270:11)
	at Object.t.watch (/usr/share/code/resources/app/extensions/git/dist/main.js:1:604919)
	at T.updateTransientWatchers (/usr/share/code/resources/app/extensions/git/dist/main.js:1:83965)
	at e.fire (/usr/share/code/resources/app/out/vs/workbench/services/extensions/node/extensionHostProcess.js:46:87)
	at e.updateModelState (/usr/share/code/resources/app/extensions/git/dist/main.js:1:103179)
> git config --get commit.template
> git status -z -u
> git symbolic-ref --short HEAD
> git rev-parse devenv-versioning-openshift
> git rev-parse --symbolic-full-name devenv-versioning-openshift@{u}
> git rev-list --left-right devenv-versioning-openshift...refs/remotes/origin/devenv-versioning-openshift
> git for-each-ref --format %(refname) %(objectname) --sort -committerdate
> git remote --verbose
Failed to watch ref '/home/nanogueira/app/devenv-versioning-openshift/DO101-apps/.git/refs/remotes/origin/devenv-versioning-openshift', is most likely packed.
Error: ENOENT: no such file or directory, watch '/home/nanogueira/app/devenv-versioning-openshift/DO101-apps/.git/refs/remotes/origin/devenv-versioning-openshift'
	at FSWatcher.start (internal/fs/watchers.js:165:26)
	at Object.watch (fs.js:1270:11)
	at Object.t.watch (/usr/share/code/resources/app/extensions/git/dist/main.js:1:604919)
	at T.updateTransientWatchers (/usr/share/code/resources/app/extensions/git/dist/main.js:1:83965)
	at e.fire (/usr/share/code/resources/app/out/vs/workbench/services/extensions/node/extensionHostProcess.js:46:87)
	at e.updateModelState (/usr/share/code/resources/app/extensions/git/dist/main.js:1:103179)
> git config --get commit.template
> git status -z -u
> git symbolic-ref --short HEAD
> git rev-parse devenv-versioning-openshift
> git rev-parse --symbolic-full-name devenv-versioning-openshift@{u}
> git rev-list --left-right devenv-versioning-openshift...refs/remotes/origin/devenv-versioning-openshift
> git for-each-ref --format %(refname) %(objectname) --sort -committerdate
> git remote --verbose
Failed to watch ref '/home/nanogueira/app/devenv-versioning-openshift/DO101-apps/.git/refs/remotes/origin/devenv-versioning-openshift', is most likely packed.
Error: ENOENT: no such file or directory, watch '/home/nanogueira/app/devenv-versioning-openshift/DO101-apps/.git/refs/remotes/origin/devenv-versioning-openshift'
	at FSWatcher.start (internal/fs/watchers.js:165:26)
	at Object.watch (fs.js:1270:11)
	at Object.t.watch (/usr/share/code/resources/app/extensions/git/dist/main.js:1:604919)
	at T.updateTransientWatchers (/usr/share/code/resources/app/extensions/git/dist/main.js:1:83965)
	at e.fire (/usr/share/code/resources/app/out/vs/workbench/services/extensions/node/extensionHostProcess.js:46:87)
	at e.updateModelState (/usr/share/code/resources/app/extensions/git/dist/main.js:1:103179)
> git config --get commit.template
> git status -z -u
> git symbolic-ref --short HEAD
> git rev-parse devenv-versioning-openshift
> git rev-parse --symbolic-full-name devenv-versioning-openshift@{u}
> git rev-list --left-right devenv-versioning-openshift...refs/remotes/origin/devenv-versioning-openshift
> git for-each-ref --format %(refname) %(objectname) --sort -committerdate
> git remote --verbose
Failed to watch ref '/home/nanogueira/app/devenv-versioning-openshift/DO101-apps/.git/refs/remotes/origin/devenv-versioning-openshift', is most likely packed.
Error: ENOENT: no such file or directory, watch '/home/nanogueira/app/devenv-versioning-openshift/DO101-apps/.git/refs/remotes/origin/devenv-versioning-openshift'
	at FSWatcher.start (internal/fs/watchers.js:165:26)
	at Object.watch (fs.js:1270:11)
	at Object.t.watch (/usr/share/code/resources/app/extensions/git/dist/main.js:1:604919)
	at T.updateTransientWatchers (/usr/share/code/resources/app/extensions/git/dist/main.js:1:83965)
	at e.fire (/usr/share/code/resources/app/out/vs/workbench/services/extensions/node/extensionHostProcess.js:46:87)
	at e.updateModelState (/usr/share/code/resources/app/extensions/git/dist/main.js:1:103179)
> git config --get commit.template
> git status -z -u
> git symbolic-ref --short HEAD
> git rev-parse devenv-versioning-openshift
> git rev-parse --symbolic-full-name devenv-versioning-openshift@{u}
> git rev-list --left-right devenv-versioning-openshift...refs/remotes/origin/devenv-versioning-openshift
> git for-each-ref --format %(refname) %(objectname) --sort -committerdate
> git remote --verbose
Failed to watch ref '/home/nanogueira/app/devenv-versioning-openshift/DO101-apps/.git/refs/remotes/origin/devenv-versioning-openshift', is most likely packed.
Error: ENOENT: no such file or directory, watch '/home/nanogueira/app/devenv-versioning-openshift/DO101-apps/.git/refs/remotes/origin/devenv-versioning-openshift'
	at FSWatcher.start (internal/fs/watchers.js:165:26)
	at Object.watch (fs.js:1270:11)
	at Object.t.watch (/usr/share/code/resources/app/extensions/git/dist/main.js:1:604919)
	at T.updateTransientWatchers (/usr/share/code/resources/app/extensions/git/dist/main.js:1:83965)
	at e.fire (/usr/share/code/resources/app/out/vs/workbench/services/extensions/node/extensionHostProcess.js:46:87)
	at e.updateModelState (/usr/share/code/resources/app/extensions/git/dist/main.js:1:103179)
> git config --get commit.template
> git status -z -u
> git symbolic-ref --short HEAD
> git rev-parse devenv-versioning-openshift
> git rev-parse --symbolic-full-name devenv-versioning-openshift@{u}
> git rev-list --left-right devenv-versioning-openshift...refs/remotes/origin/devenv-versioning-openshift
> git for-each-ref --format %(refname) %(objectname) --sort -committerdate
> git remote --verbose
Failed to watch ref '/home/nanogueira/app/devenv-versioning-openshift/DO101-apps/.git/refs/remotes/origin/devenv-versioning-openshift', is most likely packed.
Error: ENOENT: no such file or directory, watch '/home/nanogueira/app/devenv-versioning-openshift/DO101-apps/.git/refs/remotes/origin/devenv-versioning-openshift'
	at FSWatcher.start (internal/fs/watchers.js:165:26)
	at Object.watch (fs.js:1270:11)
	at Object.t.watch (/usr/share/code/resources/app/extensions/git/dist/main.js:1:604919)
	at T.updateTransientWatchers (/usr/share/code/resources/app/extensions/git/dist/main.js:1:83965)
	at e.fire (/usr/share/code/resources/app/out/vs/workbench/services/extensions/node/extensionHostProcess.js:46:87)
	at e.updateModelState (/usr/share/code/resources/app/extensions/git/dist/main.js:1:103179)
> git config --get commit.template
> git status -z -u
> git symbolic-ref --short HEAD
> git rev-parse devenv-versioning-openshift
> git rev-parse --symbolic-full-name devenv-versioning-openshift@{u}
> git rev-list --left-right devenv-versioning-openshift...refs/remotes/origin/devenv-versioning-openshift
> git for-each-ref --format %(refname) %(objectname) --sort -committerdate
> git remote --verbose
Failed to watch ref '/home/nanogueira/app/devenv-versioning-openshift/DO101-apps/.git/refs/remotes/origin/devenv-versioning-openshift', is most likely packed.
Error: ENOENT: no such file or directory, watch '/home/nanogueira/app/devenv-versioning-openshift/DO101-apps/.git/refs/remotes/origin/devenv-versioning-openshift'
	at FSWatcher.start (internal/fs/watchers.js:165:26)
	at Object.watch (fs.js:1270:11)
	at Object.t.watch (/usr/share/code/resources/app/extensions/git/dist/main.js:1:604919)
	at T.updateTransientWatchers (/usr/share/code/resources/app/extensions/git/dist/main.js:1:83965)
	at e.fire (/usr/share/code/resources/app/out/vs/workbench/services/extensions/node/extensionHostProcess.js:46:87)
	at e.updateModelState (/usr/share/code/resources/app/extensions/git/dist/main.js:1:103179)
> git config --get commit.template
> git status -z -u
> git symbolic-ref --short HEAD
> git rev-parse devenv-versioning-openshift
> git rev-parse --symbolic-full-name devenv-versioning-openshift@{u}
> git rev-list --left-right devenv-versioning-openshift...refs/remotes/origin/devenv-versioning-openshift
> git for-each-ref --format %(refname) %(objectname) --sort -committerdate
> git remote --verbose
Failed to watch ref '/home/nanogueira/app/devenv-versioning-openshift/DO101-apps/.git/refs/remotes/origin/devenv-versioning-openshift', is most likely packed.
Error: ENOENT: no such file or directory, watch '/home/nanogueira/app/devenv-versioning-openshift/DO101-apps/.git/refs/remotes/origin/devenv-versioning-openshift'
	at FSWatcher.start (internal/fs/watchers.js:165:26)
	at Object.watch (fs.js:1270:11)
	at Object.t.watch (/usr/share/code/resources/app/extensions/git/dist/main.js:1:604919)
	at T.updateTransientWatchers (/usr/share/code/resources/app/extensions/git/dist/main.js:1:83965)
	at e.fire (/usr/share/code/resources/app/out/vs/workbench/services/extensions/node/extensionHostProcess.js:46:87)
	at e.updateModelState (/usr/share/code/resources/app/extensions/git/dist/main.js:1:103179)
> git config --get commit.template
> git status -z -u
> git symbolic-ref --short HEAD
> git rev-parse devenv-versioning-openshift
> git rev-parse --symbolic-full-name devenv-versioning-openshift@{u}
> git rev-list --left-right devenv-versioning-openshift...refs/remotes/origin/devenv-versioning-openshift
> git for-each-ref --format %(refname) %(objectname) --sort -committerdate
> git remote --verbose
Failed to watch ref '/home/nanogueira/app/devenv-versioning-openshift/DO101-apps/.git/refs/remotes/origin/devenv-versioning-openshift', is most likely packed.
Error: ENOENT: no such file or directory, watch '/home/nanogueira/app/devenv-versioning-openshift/DO101-apps/.git/refs/remotes/origin/devenv-versioning-openshift'
	at FSWatcher.start (internal/fs/watchers.js:165:26)
	at Object.watch (fs.js:1270:11)
	at Object.t.watch (/usr/share/code/resources/app/extensions/git/dist/main.js:1:604919)
	at T.updateTransientWatchers (/usr/share/code/resources/app/extensions/git/dist/main.js:1:83965)
	at e.fire (/usr/share/code/resources/app/out/vs/workbench/services/extensions/node/extensionHostProcess.js:46:87)
	at e.updateModelState (/usr/share/code/resources/app/extensions/git/dist/main.js:1:103179)
> git config --get commit.template
> git checkout -q -b update-app-openshift --no-track devenv-versioning-openshift
> git status -z -u
> git symbolic-ref --short HEAD
> git rev-parse update-app-openshift
> git rev-parse --symbolic-full-name update-app-openshift@{u}
fatal: no upstream configured for branch 'update-app-openshift'
> git for-each-ref --format %(refname) %(objectname) --sort -committerdate
> git remote --verbose
> git config --get commit.template
> git status -z -u
> git symbolic-ref --short HEAD
> git rev-parse update-app-openshift
> git rev-parse --symbolic-full-name update-app-openshift@{u}
fatal: no upstream configured for branch 'update-app-openshift'
> git for-each-ref --format %(refname) %(objectname) --sort -committerdate
> git remote --verbose
> git config --get commit.template
> git status -z -u
> git symbolic-ref --short HEAD
> git rev-parse update-app-openshift
> git rev-parse --symbolic-full-name update-app-openshift@{u}
fatal: no upstream configured for branch 'update-app-openshift'
> git for-each-ref --format %(refname) %(objectname) --sort -committerdate
> git remote --verbose
> git config --get commit.template
> git check-ignore -v -z --stdin
> git check-ignore -v -z --stdin
> git status -z -u
> git symbolic-ref --short HEAD
> git rev-parse update-app-openshift
> git rev-parse --symbolic-full-name update-app-openshift@{u}
fatal: no upstream configured for branch 'update-app-openshift'
> git for-each-ref --format %(refname) %(objectname) --sort -committerdate
> git remote --verbose
> git config --get commit.template
> git status -z -u
> git symbolic-ref --short HEAD
> git rev-parse update-app-openshift
> git rev-parse --symbolic-full-name update-app-openshift@{u}
fatal: no upstream configured for branch 'update-app-openshift'
> git for-each-ref --format %(refname) %(objectname) --sort -committerdate
> git remote --verbose
> git config --get commit.template
> git push -u origin update-app-openshift
Missing or invalid credentials.
Error: socket hang up
    at connResetException (internal/errors.js:559:14)
    at Socket.socketOnEnd (_http_client.js:433:23)
    at Socket.emit (events.js:208:15)
    at endReadableNT (_stream_readable.js:1168:12)
    at processTicksAndRejections (internal/process/task_queues.js:77:11) {
  code: 'ECONNRESET'
}
Missing or invalid credentials.
Error: socket hang up
    at connResetException (internal/errors.js:559:14)
    at Socket.socketOnEnd (_http_client.js:433:23)
    at Socket.emit (events.js:208:15)
    at endReadableNT (_stream_readable.js:1168:12)
    at processTicksAndRejections (internal/process/task_queues.js:77:11) {
  code: 'ECONNRESET'
}
remote: No anonymous write access.
fatal: Authentication failed for 'https://github.com/natalinogueira/DO101-apps.git/'
> git status -z -u
> git symbolic-ref --short HEAD
> git rev-parse update-app-openshift
> git rev-parse --symbolic-full-name update-app-openshift@{u}
> git rev-list --left-right update-app-openshift...refs/remotes/origin/update-app-openshift
> git for-each-ref --format %(refname) %(objectname) --sort -committerdate
> git remote --verbose
> git config --get commit.template
> git check-ignore -v -z --stdin
> git status -z -u
> git symbolic-ref --short HEAD
> git rev-parse update-app-openshift
> git rev-parse --symbolic-full-name update-app-openshift@{u}
> git rev-list --left-right update-app-openshift...refs/remotes/origin/update-app-openshift
> git for-each-ref --format %(refname) %(objectname) --sort -committerdate
> git remote --verbose
> git config --get commit.template
> git status -z -u
> git symbolic-ref --short HEAD
> git rev-parse update-app-openshift
> git rev-parse --symbolic-full-name update-app-openshift@{u}
> git rev-list --left-right update-app-openshift...refs/remotes/origin/update-app-openshift
> git for-each-ref --format %(refname) %(objectname) --sort -committerdate
> git remote --verbose
> git config --get commit.template
> git status -z -u
> git symbolic-ref --short HEAD
> git rev-parse update-app-openshift
> git rev-parse --symbolic-full-name update-app-openshift@{u}
> git rev-list --left-right update-app-openshift...refs/remotes/origin/update-app-openshift
> git for-each-ref --format %(refname) %(objectname) --sort -committerdate
> git remote --verbose
> git config --get commit.template
> git status -z -u
> git symbolic-ref --short HEAD
> git rev-parse update-app-openshift
> git rev-parse --symbolic-full-name update-app-openshift@{u}
> git rev-list --left-right update-app-openshift...refs/remotes/origin/update-app-openshift
> git for-each-ref --format %(refname) %(objectname) --sort -committerdate
> git remote --verbose
> git config --get commit.template
> git status -z -u
> git symbolic-ref --short HEAD
> git rev-parse update-app-openshift
> git rev-parse --symbolic-full-name update-app-openshift@{u}
> git rev-list --left-right update-app-openshift...refs/remotes/origin/update-app-openshift
> git for-each-ref --format %(refname) %(objectname) --sort -committerdate
> git remote --verbose
> git config --get commit.template
> git status -z -u
> git symbolic-ref --short HEAD
> git rev-parse update-app-openshift
> git rev-parse --symbolic-full-name update-app-openshift@{u}
> git rev-list --left-right update-app-openshift...refs/remotes/origin/update-app-openshift
> git for-each-ref --format %(refname) %(objectname) --sort -committerdate
> git remote --verbose
> git config --get commit.template
> git status -z -u
> git symbolic-ref --short HEAD
> git rev-parse update-app-openshift
> git rev-parse --symbolic-full-name update-app-openshift@{u}
> git rev-list --left-right update-app-openshift...refs/remotes/origin/update-app-openshift
> git for-each-ref --format %(refname) %(objectname) --sort -committerdate
> git remote --verbose
> git config --get commit.template
> git status -z -u
> git symbolic-ref --short HEAD
> git rev-parse update-app-openshift
> git rev-parse --symbolic-full-name update-app-openshift@{u}
> git rev-list --left-right update-app-openshift...refs/remotes/origin/update-app-openshift
> git for-each-ref --format %(refname) %(objectname) --sort -committerdate
> git remote --verbose
> git config --get commit.template
> git status -z -u
> git symbolic-ref --short HEAD
> git rev-parse update-app-openshift
> git rev-parse --symbolic-full-name update-app-openshift@{u}
> git rev-list --left-right update-app-openshift...refs/remotes/origin/update-app-openshift
> git for-each-ref --format %(refname) %(objectname) --sort -committerdate
> git remote --verbose
> git config --get commit.template
> git status -z -u
> git symbolic-ref --short HEAD
> git rev-parse update-app-openshift
> git rev-parse --symbolic-full-name update-app-openshift@{u}
> git rev-list --left-right update-app-openshift...refs/remotes/origin/update-app-openshift
> git for-each-ref --format %(refname) %(objectname) --sort -committerdate
> git remote --verbose
> git config --get commit.template
> git status -z -u
> git symbolic-ref --short HEAD
> git rev-parse update-app-openshift
> git rev-parse --symbolic-full-name update-app-openshift@{u}
> git rev-list --left-right update-app-openshift...refs/remotes/origin/update-app-openshift
> git for-each-ref --format %(refname) %(objectname) --sort -committerdate
> git remote --verbose
> git config --get commit.template
> git status -z -u
> git symbolic-ref --short HEAD
> git rev-parse update-app-openshift
> git rev-parse --symbolic-full-name update-app-openshift@{u}
> git rev-list --left-right update-app-openshift...refs/remotes/origin/update-app-openshift
> git for-each-ref --format %(refname) %(objectname) --sort -committerdate
> git remote --verbose
> git config --get commit.template
> git check-ignore -v -z --stdin
> git status -z -u
> git symbolic-ref --short HEAD
> git rev-parse update-app-openshift
> git rev-parse --symbolic-full-name update-app-openshift@{u}
> git rev-list --left-right update-app-openshift...refs/remotes/origin/update-app-openshift
> git for-each-ref --format %(refname) %(objectname) --sort -committerdate
> git remote --verbose
> git config --get commit.template
> git status -z -u
> git symbolic-ref --short HEAD
> git rev-parse update-app-openshift
> git rev-parse --symbolic-full-name update-app-openshift@{u}
> git rev-list --left-right update-app-openshift...refs/remotes/origin/update-app-openshift
> git for-each-ref --format %(refname) %(objectname) --sort -committerdate
> git remote --verbose
> git config --get commit.template
> git check-ignore -v -z --stdin
> git status -z -u
> git symbolic-ref --short HEAD
> git rev-parse update-app-openshift
> git rev-parse --symbolic-full-name update-app-openshift@{u}
> git rev-list --left-right update-app-openshift...refs/remotes/origin/update-app-openshift
> git for-each-ref --format %(refname) %(objectname) --sort -committerdate
> git remote --verbose
> git config --get commit.template
> git status -z -u
> git symbolic-ref --short HEAD
> git rev-parse update-app-openshift
> git rev-parse --symbolic-full-name update-app-openshift@{u}
> git rev-list --left-right update-app-openshift...refs/remotes/origin/update-app-openshift
> git for-each-ref --format %(refname) %(objectname) --sort -committerdate
> git remote --verbose
> git config --get commit.template
> git status -z -u
> git symbolic-ref --short HEAD
> git rev-parse update-app-openshift
> git rev-parse --symbolic-full-name update-app-openshift@{u}
> git rev-list --left-right update-app-openshift...refs/remotes/origin/update-app-openshift
> git for-each-ref --format %(refname) %(objectname) --sort -committerdate
> git remote --verbose
> git config --get commit.template
> git status -z -u
> git symbolic-ref --short HEAD
> git rev-parse update-app-openshift
> git rev-parse --symbolic-full-name update-app-openshift@{u}
> git rev-list --left-right update-app-openshift...refs/remotes/origin/update-app-openshift
> git for-each-ref --format %(refname) %(objectname) --sort -committerdate
> git remote --verbose
> git config --get commit.template
> git status -z -u
> git symbolic-ref --short HEAD
> git rev-parse update-app-openshift
> git rev-parse --symbolic-full-name update-app-openshift@{u}
> git rev-list --left-right update-app-openshift...refs/remotes/origin/update-app-openshift
> git for-each-ref --format %(refname) %(objectname) --sort -committerdate
> git remote --verbose
> git config --get commit.template
> git status -z -u
> git symbolic-ref --short HEAD
> git rev-parse update-app-openshift
> git rev-parse --symbolic-full-name update-app-openshift@{u}
> git rev-list --left-right update-app-openshift...refs/remotes/origin/update-app-openshift
> git for-each-ref --format %(refname) %(objectname) --sort -committerdate
> git remote --verbose
> git config --get commit.template
> git status -z -u
> git symbolic-ref --short HEAD
> git rev-parse update-app-openshift
> git rev-parse --symbolic-full-name update-app-openshift@{u}
> git rev-list --left-right update-app-openshift...refs/remotes/origin/update-app-openshift
> git for-each-ref --format %(refname) %(objectname) --sort -committerdate
> git remote --verbose
> git config --get commit.template
> git status -z -u
> git symbolic-ref --short HEAD
> git rev-parse update-app-openshift
> git rev-parse --symbolic-full-name update-app-openshift@{u}
> git rev-list --left-right update-app-openshift...refs/remotes/origin/update-app-openshift
> git for-each-ref --format %(refname) %(objectname) --sort -committerdate
> git remote --verbose
> git config --get commit.template
> git status -z -u
> git symbolic-ref --short HEAD
> git rev-parse update-app-openshift
> git rev-parse --symbolic-full-name update-app-openshift@{u}
> git rev-list --left-right update-app-openshift...refs/remotes/origin/update-app-openshift
> git for-each-ref --format %(refname) %(objectname) --sort -committerdate
> git remote --verbose
> git config --get commit.template
> git status -z -u
> git symbolic-ref --short HEAD
> git rev-parse update-app-openshift
> git rev-parse --symbolic-full-name update-app-openshift@{u}
> git rev-list --left-right update-app-openshift...refs/remotes/origin/update-app-openshift
> git for-each-ref --format %(refname) %(objectname) --sort -committerdate
> git remote --verbose
> git config --get commit.template
> git status -z -u
> git symbolic-ref --short HEAD
> git rev-parse update-app-openshift
> git rev-parse --symbolic-full-name update-app-openshift@{u}
> git rev-list --left-right update-app-openshift...refs/remotes/origin/update-app-openshift
> git for-each-ref --format %(refname) %(objectname) --sort -committerdate
> git remote --verbose
> git config --get commit.template
> git status -z -u
> git symbolic-ref --short HEAD
> git rev-parse update-app-openshift
> git rev-parse --symbolic-full-name update-app-openshift@{u}
> git rev-list --left-right update-app-openshift...refs/remotes/origin/update-app-openshift
> git for-each-ref --format %(refname) %(objectname) --sort -committerdate
> git remote --verbose
> git config --get commit.template
> git status -z -u
> git symbolic-ref --short HEAD
> git rev-parse update-app-openshift
> git rev-parse --symbolic-full-name update-app-openshift@{u}
> git rev-list --left-right update-app-openshift...refs/remotes/origin/update-app-openshift
> git for-each-ref --format %(refname) %(objectname) --sort -committerdate
> git remote --verbose
> git config --get commit.template
> git status -z -u
> git symbolic-ref --short HEAD
> git rev-parse update-app-openshift
> git rev-parse --symbolic-full-name update-app-openshift@{u}
> git rev-list --left-right update-app-openshift...refs/remotes/origin/update-app-openshift
> git for-each-ref --format %(refname) %(objectname) --sort -committerdate
> git remote --verbose
> git config --get commit.template
> git status -z -u
> git symbolic-ref --short HEAD
> git rev-parse update-app-openshift
> git rev-parse --symbolic-full-name update-app-openshift@{u}
> git rev-list --left-right update-app-openshift...refs/remotes/origin/update-app-openshift
> git for-each-ref --format %(refname) %(objectname) --sort -committerdate
> git remote --verbose
> git config --get commit.template
> git status -z -u
> git symbolic-ref --short HEAD
> git rev-parse update-app-openshift
> git rev-parse --symbolic-full-name update-app-openshift@{u}
> git rev-list --left-right update-app-openshift...refs/remotes/origin/update-app-openshift
> git for-each-ref --format %(refname) %(objectname) --sort -committerdate
> git remote --verbose
> git config --get commit.template
> git status -z -u
> git symbolic-ref --short HEAD
> git rev-parse update-app-openshift
> git rev-parse --symbolic-full-name update-app-openshift@{u}
> git rev-list --left-right update-app-openshift...refs/remotes/origin/update-app-openshift
> git for-each-ref --format %(refname) %(objectname) --sort -committerdate
> git remote --verbose
> git config --get commit.template
> git status -z -u
> git symbolic-ref --short HEAD
> git rev-parse update-app-openshift
> git rev-parse --symbolic-full-name update-app-openshift@{u}
> git rev-list --left-right update-app-openshift...refs/remotes/origin/update-app-openshift
> git for-each-ref --format %(refname) %(objectname) --sort -committerdate
> git remote --verbose
> git config --get commit.template
> git status -z -u
> git symbolic-ref --short HEAD
> git rev-parse update-app-openshift
> git rev-parse --symbolic-full-name update-app-openshift@{u}
> git rev-list --left-right update-app-openshift...refs/remotes/origin/update-app-openshift
> git for-each-ref --format %(refname) %(objectname) --sort -committerdate
> git remote --verbose
> git config --get commit.template
> git status -z -u
> git symbolic-ref --short HEAD
> git rev-parse update-app-openshift
> git rev-parse --symbolic-full-name update-app-openshift@{u}
> git rev-list --left-right update-app-openshift...refs/remotes/origin/update-app-openshift
> git for-each-ref --format %(refname) %(objectname) --sort -committerdate
> git remote --verbose
> git config --get commit.template
> git status -z -u
> git symbolic-ref --short HEAD
> git rev-parse update-app-openshift
> git rev-parse --symbolic-full-name update-app-openshift@{u}
> git rev-list --left-right update-app-openshift...refs/remotes/origin/update-app-openshift
> git for-each-ref --format %(refname) %(objectname) --sort -committerdate
> git remote --verbose
> git config --get commit.template
> git status -z -u
> git symbolic-ref --short HEAD
> git rev-parse update-app-openshift
> git rev-parse --symbolic-full-name update-app-openshift@{u}
> git rev-list --left-right update-app-openshift...refs/remotes/origin/update-app-openshift
> git for-each-ref --format %(refname) %(objectname) --sort -committerdate
> git remote --verbose
> git config --get commit.template
> git status -z -u
> git symbolic-ref --short HEAD
> git rev-parse update-app-openshift
> git rev-parse --symbolic-full-name update-app-openshift@{u}
> git rev-list --left-right update-app-openshift...refs/remotes/origin/update-app-openshift
> git for-each-ref --format %(refname) %(objectname) --sort -committerdate
> git remote --verbose
> git config --get commit.template
> git status -z -u
> git symbolic-ref --short HEAD
> git rev-parse update-app-openshift
> git rev-parse --symbolic-full-name update-app-openshift@{u}
> git rev-list --left-right update-app-openshift...refs/remotes/origin/update-app-openshift
> git for-each-ref --format %(refname) %(objectname) --sort -committerdate
> git remote --verbose
> git config --get commit.template
> git status -z -u
> git symbolic-ref --short HEAD
> git rev-parse update-app-openshift
> git rev-parse --symbolic-full-name update-app-openshift@{u}
> git rev-list --left-right update-app-openshift...refs/remotes/origin/update-app-openshift
> git for-each-ref --format %(refname) %(objectname) --sort -committerdate
> git remote --verbose
> git config --get commit.template
> git status -z -u
> git symbolic-ref --short HEAD
> git rev-parse update-app-openshift
> git rev-parse --symbolic-full-name update-app-openshift@{u}
> git rev-list --left-right update-app-openshift...refs/remotes/origin/update-app-openshift
> git for-each-ref --format %(refname) %(objectname) --sort -committerdate
> git remote --verbose
> git config --get commit.template
> git status -z -u
> git symbolic-ref --short HEAD
> git rev-parse update-app-openshift
> git rev-parse --symbolic-full-name update-app-openshift@{u}
> git rev-list --left-right update-app-openshift...refs/remotes/origin/update-app-openshift
> git for-each-ref --format %(refname) %(objectname) --sort -committerdate
> git remote --verbose
> git config --get commit.template
> git status -z -u
> git symbolic-ref --short HEAD
> git rev-parse update-app-openshift
> git rev-parse --symbolic-full-name update-app-openshift@{u}
> git rev-list --left-right update-app-openshift...refs/remotes/origin/update-app-openshift
> git for-each-ref --format %(refname) %(objectname) --sort -committerdate
> git remote --verbose
> git config --get commit.template
> git status -z -u
> git symbolic-ref --short HEAD
> git rev-parse update-app-openshift
> git rev-parse --symbolic-full-name update-app-openshift@{u}
> git rev-list --left-right update-app-openshift...refs/remotes/origin/update-app-openshift
> git for-each-ref --format %(refname) %(objectname) --sort -committerdate
> git remote --verbose
> git config --get commit.template
> git status -z -u
> git symbolic-ref --short HEAD
> git rev-parse update-app-openshift
> git rev-parse --symbolic-full-name update-app-openshift@{u}
> git rev-list --left-right update-app-openshift...refs/remotes/origin/update-app-openshift
> git for-each-ref --format %(refname) %(objectname) --sort -committerdate
> git remote --verbose
> git config --get commit.template
> git status -z -u
> git symbolic-ref --short HEAD
> git rev-parse update-app-openshift
> git rev-parse --symbolic-full-name update-app-openshift@{u}
> git rev-list --left-right update-app-openshift...refs/remotes/origin/update-app-openshift
> git for-each-ref --format %(refname) %(objectname) --sort -committerdate
> git remote --verbose
> git config --get commit.template
> git status -z -u
> git symbolic-ref --short HEAD
> git rev-parse update-app-openshift
> git rev-parse --symbolic-full-name update-app-openshift@{u}
> git rev-list --left-right update-app-openshift...refs/remotes/origin/update-app-openshift
> git for-each-ref --format %(refname) %(objectname) --sort -committerdate
> git remote --verbose
> git config --get commit.template
> git status -z -u
> git symbolic-ref --short HEAD
> git rev-parse update-app-openshift
> git rev-parse --symbolic-full-name update-app-openshift@{u}
> git rev-list --left-right update-app-openshift...refs/remotes/origin/update-app-openshift
> git for-each-ref --format %(refname) %(objectname) --sort -committerdate
> git remote --verbose
> git config --get commit.template
> git check-ignore -v -z --stdin
> git status -z -u
> git symbolic-ref --short HEAD
> git rev-parse update-app-openshift
> git rev-parse --symbolic-full-name update-app-openshift@{u}
> git rev-list --left-right update-app-openshift...refs/remotes/origin/update-app-openshift
> git for-each-ref --format %(refname) %(objectname) --sort -committerdate
> git remote --verbose
> git config --get commit.template
> git status -z -u
> git symbolic-ref --short HEAD
> git rev-parse update-app-openshift
> git rev-parse --symbolic-full-name update-app-openshift@{u}
> git rev-list --left-right update-app-openshift...refs/remotes/origin/update-app-openshift
> git for-each-ref --format %(refname) %(objectname) --sort -committerdate
> git remote --verbose
> git config --get commit.template
> git status -z -u
> git symbolic-ref --short HEAD
> git rev-parse update-app-openshift
> git rev-parse --symbolic-full-name update-app-openshift@{u}
> git rev-list --left-right update-app-openshift...refs/remotes/origin/update-app-openshift
> git for-each-ref --format %(refname) %(objectname) --sort -committerdate
> git remote --verbose
> git config --get commit.template
> git status -z -u
> git symbolic-ref --short HEAD
> git rev-parse update-app-openshift
> git rev-parse --symbolic-full-name update-app-openshift@{u}
> git rev-list --left-right update-app-openshift...refs/remotes/origin/update-app-openshift
> git for-each-ref --format %(refname) %(objectname) --sort -committerdate
> git remote --verbose
> git config --get commit.template
> git status -z -u
> git symbolic-ref --short HEAD
> git rev-parse update-app-openshift
> git rev-parse --symbolic-full-name update-app-openshift@{u}
> git rev-list --left-right update-app-openshift...refs/remotes/origin/update-app-openshift
> git for-each-ref --format %(refname) %(objectname) --sort -committerdate
> git remote --verbose
> git config --get commit.template
> git status -z -u
> git symbolic-ref --short HEAD
> git rev-parse update-app-openshift
> git rev-parse --symbolic-full-name update-app-openshift@{u}
> git rev-list --left-right update-app-openshift...refs/remotes/origin/update-app-openshift
> git for-each-ref --format %(refname) %(objectname) --sort -committerdate
> git remote --verbose
> git config --get commit.template
> git status -z -u
> git symbolic-ref --short HEAD
> git rev-parse update-app-openshift
> git rev-parse --symbolic-full-name update-app-openshift@{u}
> git rev-list --left-right update-app-openshift...refs/remotes/origin/update-app-openshift
> git for-each-ref --format %(refname) %(objectname) --sort -committerdate
> git remote --verbose
> git config --get commit.template
> git status -z -u
> git symbolic-ref --short HEAD
> git rev-parse update-app-openshift
> git rev-parse --symbolic-full-name update-app-openshift@{u}
> git rev-list --left-right update-app-openshift...refs/remotes/origin/update-app-openshift
> git for-each-ref --format %(refname) %(objectname) --sort -committerdate
> git remote --verbose
> git config --get commit.template
> git status -z -u
> git symbolic-ref --short HEAD
> git rev-parse update-app-openshift
> git rev-parse --symbolic-full-name update-app-openshift@{u}
> git rev-list --left-right update-app-openshift...refs/remotes/origin/update-app-openshift
> git for-each-ref --format %(refname) %(objectname) --sort -committerdate
> git remote --verbose
> git config --get commit.template
> git status -z -u
> git symbolic-ref --short HEAD
> git rev-parse update-app-openshift
> git rev-parse --symbolic-full-name update-app-openshift@{u}
> git rev-list --left-right update-app-openshift...refs/remotes/origin/update-app-openshift
> git for-each-ref --format %(refname) %(objectname) --sort -committerdate
> git remote --verbose
> git config --get commit.template
> git status -z -u
> git symbolic-ref --short HEAD
> git rev-parse update-app-openshift
> git rev-parse --symbolic-full-name update-app-openshift@{u}
> git rev-list --left-right update-app-openshift...refs/remotes/origin/update-app-openshift
> git for-each-ref --format %(refname) %(objectname) --sort -committerdate
> git remote --verbose
> git config --get commit.template
> git show :version/app.js
> git ls-files --stage -- /home/nanogueira/app/devenv-versioning-openshift/DO101-apps/version/app.js
> git cat-file -s ea83023970ad6abfed88a0d609a3f1041f2eca5a
> git status -z -u
> git symbolic-ref --short HEAD
> git rev-parse update-app-openshift
> git rev-parse --symbolic-full-name update-app-openshift@{u}
> git rev-list --left-right update-app-openshift...refs/remotes/origin/update-app-openshift
> git for-each-ref --format %(refname) %(objectname) --sort -committerdate
> git remote --verbose
> git config --get commit.template
> git status -z -u
> git symbolic-ref --short HEAD
> git rev-parse update-app-openshift
> git rev-parse --symbolic-full-name update-app-openshift@{u}
> git rev-list --left-right update-app-openshift...refs/remotes/origin/update-app-openshift
> git for-each-ref --format %(refname) %(objectname) --sort -committerdate
> git remote --verbose
> git config --get commit.template
> git status -z -u
> git symbolic-ref --short HEAD
> git rev-parse update-app-openshift
> git rev-parse --symbolic-full-name update-app-openshift@{u}
> git rev-list --left-right update-app-openshift...refs/remotes/origin/update-app-openshift
> git for-each-ref --format %(refname) %(objectname) --sort -committerdate
> git remote --verbose
> git config --get commit.template
> git status -z -u
> git symbolic-ref --short HEAD
> git rev-parse update-app-openshift
> git rev-parse --symbolic-full-name update-app-openshift@{u}
> git rev-list --left-right update-app-openshift...refs/remotes/origin/update-app-openshift
> git for-each-ref --format %(refname) %(objectname) --sort -committerdate
> git remote --verbose
> git config --get commit.template
> git status -z -u
> git ls-files --stage -- /home/nanogueira/app/devenv-versioning-openshift/DO101-apps/version/app.js
> git symbolic-ref --short HEAD
> git rev-parse update-app-openshift
> git cat-file -s 2785f2525abcc73c0c9bbec972c5832f5e340904
> git rev-parse --symbolic-full-name update-app-openshift@{u}
> git rev-list --left-right update-app-openshift...refs/remotes/origin/update-app-openshift
> git show :version/app.js
> git for-each-ref --format %(refname) %(objectname) --sort -committerdate
> git remote --verbose
> git config --get commit.template
> git status -z -u
> git symbolic-ref --short HEAD
> git rev-parse update-app-openshift
> git rev-parse --symbolic-full-name update-app-openshift@{u}
> git rev-list --left-right update-app-openshift...refs/remotes/origin/update-app-openshift
> git for-each-ref --format %(refname) %(objectname) --sort -committerdate
> git remote --verbose
> git config --get commit.template
> git status -z -u
> git symbolic-ref --short HEAD
> git rev-parse update-app-openshift
> git rev-parse --symbolic-full-name update-app-openshift@{u}
> git rev-list --left-right update-app-openshift...refs/remotes/origin/update-app-openshift
> git for-each-ref --format %(refname) %(objectname) --sort -committerdate
> git remote --verbose
> git config --get commit.template
> git status -z -u
> git symbolic-ref --short HEAD
> git rev-parse update-app-openshift
> git rev-parse --symbolic-full-name update-app-openshift@{u}
> git rev-list --left-right update-app-openshift...refs/remotes/origin/update-app-openshift
> git for-each-ref --format %(refname) %(objectname) --sort -committerdate
> git remote --verbose
> git config --get commit.template
